<?xml version="1.0" encoding="UTF-8"?>
<testng-results ignored="0" total="1" passed="1" failed="0" skipped="0">
  <reporter-output>
    <line>
      <![CDATA[reading url from property file]]>
    </line>
    <line>
      <![CDATA[launching Browser]]>
    </line>
    <line>
      <![CDATA[Waiting for 1000ms]]>
    </line>
    <line>
      <![CDATA[reading mobnum from property file]]>
    </line>
    <line>
      <![CDATA[Waiting for 1000ms]]>
    </line>
    <line>
      <![CDATA[Entering Mobile number]]>
    </line>
    <line>
      <![CDATA[Waiting for 1000ms]]>
    </line>
    <line>
      <![CDATA[Clicking on SignIn Button]]>
    </line>
    <line>
      <![CDATA[Waiting for 1000ms]]>
    </line>
    <line>
      <![CDATA[reading password from property file]]>
    </line>
    <line>
      <![CDATA[Waiting for 3000ms]]>
    </line>
    <line>
      <![CDATA[Entering password]]>
    </line>
    <line>
      <![CDATA[Waiting for 3000ms]]>
    </line>
    <line>
      <![CDATA[Clicking on submit button]]>
    </line>
    <line>
      <![CDATA[there is no Popup]]>
    </line>
    <line>
      <![CDATA[Waiting for 1000ms]]>
    </line>
    <line>
      <![CDATA[getting actual user name = Hi Suraj Kawade]]>
    </line>
    <line>
      <![CDATA[reading username from property file]]>
    </line>
    <line>
      <![CDATA[Waiting for 1000ms]]>
    </line>
    <line>
      <![CDATA[getting actual user name = Hi Suraj Kawade]]>
    </line>
    <line>
      <![CDATA[Waiting for 500ms]]>
    </line>
    <line>
      <![CDATA[taking screenshot]]>
    </line>
    <line>
      <![CDATA[Waiting for 1000ms]]>
    </line>
  </reporter-output>
  <suite started-at="2022-12-23T19:28:58 IST" name="Suite" finished-at="2022-12-23T19:29:25 IST" duration-ms="27398">
    <groups>
    </groups>
    <test started-at="2022-12-23T19:28:58 IST" name="Test" finished-at="2022-12-23T19:29:25 IST" duration-ms="27398">
      <class name="neoStoxTestclasses.ValidateNeoStoxUserNameUsingPropertyfile">
        <test-method is-config="true" signature="launchNeoStox()[pri:0, instance:neoStoxTestclasses.ValidateNeoStoxUserNameUsingPropertyfile@2a265ea9]" started-at="2022-12-23T19:28:58 IST" name="launchNeoStox" finished-at="2022-12-23T19:29:04 IST" duration-ms="6123" status="PASS">
          <reporter-output>
            <line>
              <![CDATA[reading url from property file]]>
            </line>
            <line>
              <![CDATA[launching Browser]]>
            </line>
          </reporter-output>
        </test-method> <!-- launchNeoStox -->
        <test-method is-config="true" signature="logintoNeoStox()[pri:0, instance:neoStoxTestclasses.ValidateNeoStoxUserNameUsingPropertyfile@2a265ea9]" started-at="2022-12-23T19:29:04 IST" name="logintoNeoStox" finished-at="2022-12-23T19:29:24 IST" duration-ms="19720" status="PASS">
          <reporter-output>
            <line>
              <![CDATA[Waiting for 1000ms]]>
            </line>
            <line>
              <![CDATA[reading mobnum from property file]]>
            </line>
            <line>
              <![CDATA[Waiting for 1000ms]]>
            </line>
            <line>
              <![CDATA[Entering Mobile number]]>
            </line>
            <line>
              <![CDATA[Waiting for 1000ms]]>
            </line>
            <line>
              <![CDATA[Clicking on SignIn Button]]>
            </line>
            <line>
              <![CDATA[Waiting for 1000ms]]>
            </line>
            <line>
              <![CDATA[reading password from property file]]>
            </line>
            <line>
              <![CDATA[Waiting for 3000ms]]>
            </line>
            <line>
              <![CDATA[Entering password]]>
            </line>
            <line>
              <![CDATA[Waiting for 3000ms]]>
            </line>
            <line>
              <![CDATA[Clicking on submit button]]>
            </line>
            <line>
              <![CDATA[there is no Popup]]>
            </line>
          </reporter-output>
        </test-method> <!-- logintoNeoStox -->
        <test-method signature="validateUserID()[pri:0, instance:neoStoxTestclasses.ValidateNeoStoxUserNameUsingPropertyfile@2a265ea9]" started-at="2022-12-23T19:29:24 IST" name="validateUserID" finished-at="2022-12-23T19:29:24 IST" duration-ms="423" status="PASS">
          <reporter-output>
            <line>
              <![CDATA[Waiting for 1000ms]]>
            </line>
            <line>
              <![CDATA[getting actual user name = Hi Suraj Kawade]]>
            </line>
            <line>
              <![CDATA[reading username from property file]]>
            </line>
            <line>
              <![CDATA[Waiting for 1000ms]]>
            </line>
            <line>
              <![CDATA[getting actual user name = Hi Suraj Kawade]]>
            </line>
            <line>
              <![CDATA[Waiting for 500ms]]>
            </line>
            <line>
              <![CDATA[taking screenshot]]>
            </line>
          </reporter-output>
        </test-method> <!-- validateUserID -->
        <test-method is-config="true" signature="logOutFromNeoStox()[pri:0, instance:neoStoxTestclasses.ValidateNeoStoxUserNameUsingPropertyfile@2a265ea9]" started-at="2022-12-23T19:29:24 IST" name="logOutFromNeoStox" finished-at="2022-12-23T19:29:25 IST" duration-ms="1087" status="FAIL">
          <exception class="org.openqa.selenium.ElementClickInterceptedException">
            <message>
              <![CDATA[element click intercepted: Element <span id="lbl_curbalancetop" style="font-weight:bold;">...</span> is not clickable at point (1449, 32). Other element would receive the click: <div class="modal show" id="modal_buyplans" role="dialog" data-backdrop="static" data-keyboard="false" aria-modal="true" style="display: block;">...</div>
  (Session info: chrome=108.0.5359.125)
Build info: version: '4.7.2', revision: '4d4020c3b7'
System info: os.name: 'Windows 11', os.arch: 'amd64', os.version: '10.0', java.version: '11.0.15'
Driver info: org.openqa.selenium.chrome.ChromeDriver
Command: [161939036f820049e4b5e6f49eccda41, clickElement {id=1583f949-455f-48e6-8eb9-6f68826aac66}]
Capabilities {acceptInsecureCerts: false, browserName: chrome, browserVersion: 108.0.5359.125, chrome: {chromedriverVersion: 108.0.5359.22 (ec46c90f5938..., userDataDir: C:\Users\Admin\AppData\Loca...}, goog:chromeOptions: {debuggerAddress: localhost:60797}, networkConnectionEnabled: false, pageLoadStrategy: normal, platformName: WINDOWS, proxy: Proxy(), se:cdp: ws://localhost:60797/devtoo..., se:cdpVersion: 108.0.5359.125, setWindowRect: true, strictFileInteractability: false, timeouts: {implicit: 0, pageLoad: 300000, script: 30000}, unhandledPromptBehavior: dismiss and notify, webauthn:extension:credBlob: true, webauthn:extension:largeBlob: true, webauthn:virtualAuthenticators: true}
Element: [[ChromeDriver: chrome on WINDOWS (161939036f820049e4b5e6f49eccda41)] -> id: lbl_curbalancetop]
Session ID: 161939036f820049e4b5e6f49eccda41]]>
            </message>
            <full-stacktrace>
              <![CDATA[org.openqa.selenium.ElementClickInterceptedException: element click intercepted: Element <span id="lbl_curbalancetop" style="font-weight:bold;">...</span> is not clickable at point (1449, 32). Other element would receive the click: <div class="modal show" id="modal_buyplans" role="dialog" data-backdrop="static" data-keyboard="false" aria-modal="true" style="display: block;">...</div>
  (Session info: chrome=108.0.5359.125)
Build info: version: '4.7.2', revision: '4d4020c3b7'
System info: os.name: 'Windows 11', os.arch: 'amd64', os.version: '10.0', java.version: '11.0.15'
Driver info: org.openqa.selenium.chrome.ChromeDriver
Command: [161939036f820049e4b5e6f49eccda41, clickElement {id=1583f949-455f-48e6-8eb9-6f68826aac66}]
Capabilities {acceptInsecureCerts: false, browserName: chrome, browserVersion: 108.0.5359.125, chrome: {chromedriverVersion: 108.0.5359.22 (ec46c90f5938..., userDataDir: C:\Users\Admin\AppData\Loca...}, goog:chromeOptions: {debuggerAddress: localhost:60797}, networkConnectionEnabled: false, pageLoadStrategy: normal, platformName: WINDOWS, proxy: Proxy(), se:cdp: ws://localhost:60797/devtoo..., se:cdpVersion: 108.0.5359.125, setWindowRect: true, strictFileInteractability: false, timeouts: {implicit: 0, pageLoad: 300000, script: 30000}, unhandledPromptBehavior: dismiss and notify, webauthn:extension:credBlob: true, webauthn:extension:largeBlob: true, webauthn:virtualAuthenticators: true}
Element: [[ChromeDriver: chrome on WINDOWS (161939036f820049e4b5e6f49eccda41)] -> id: lbl_curbalancetop]
Session ID: 161939036f820049e4b5e6f49eccda41
at java.base/jdk.internal.reflect.NativeConstructorAccessorImpl.newInstance0(Native Method)
at java.base/jdk.internal.reflect.NativeConstructorAccessorImpl.newInstance(NativeConstructorAccessorImpl.java:62)
at java.base/jdk.internal.reflect.DelegatingConstructorAccessorImpl.newInstance(DelegatingConstructorAccessorImpl.java:45)
at java.base/java.lang.reflect.Constructor.newInstance(Constructor.java:490)
at org.openqa.selenium.remote.codec.w3c.W3CHttpResponseCodec.createException(W3CHttpResponseCodec.java:200)
at org.openqa.selenium.remote.codec.w3c.W3CHttpResponseCodec.decode(W3CHttpResponseCodec.java:133)
at org.openqa.selenium.remote.codec.w3c.W3CHttpResponseCodec.decode(W3CHttpResponseCodec.java:53)
at org.openqa.selenium.remote.HttpCommandExecutor.execute(HttpCommandExecutor.java:184)
at org.openqa.selenium.remote.service.DriverCommandExecutor.invokeExecute(DriverCommandExecutor.java:167)
at org.openqa.selenium.remote.service.DriverCommandExecutor.execute(DriverCommandExecutor.java:142)
at org.openqa.selenium.remote.RemoteWebDriver.execute(RemoteWebDriver.java:535)
at org.openqa.selenium.remote.RemoteWebElement.execute(RemoteWebElement.java:257)
at org.openqa.selenium.remote.RemoteWebElement.click(RemoteWebElement.java:78)
at java.base/jdk.internal.reflect.NativeMethodAccessorImpl.invoke0(Native Method)
at java.base/jdk.internal.reflect.NativeMethodAccessorImpl.invoke(NativeMethodAccessorImpl.java:62)
at java.base/jdk.internal.reflect.DelegatingMethodAccessorImpl.invoke(DelegatingMethodAccessorImpl.java:43)
at java.base/java.lang.reflect.Method.invoke(Method.java:566)
at org.openqa.selenium.support.pagefactory.internal.LocatingElementHandler.invoke(LocatingElementHandler.java:52)
at com.sun.proxy.$Proxy15.click(Unknown Source)
at neoStoxPOMclasses.NeoStoxHomePage.logOut(NeoStoxHomePage.java:62)
at neoStoxTestclasses.ValidateNeoStoxUserNameUsingPropertyfile.logOutFromNeoStox(ValidateNeoStoxUserNameUsingPropertyfile.java:63)
at java.base/jdk.internal.reflect.NativeMethodAccessorImpl.invoke0(Native Method)
at java.base/jdk.internal.reflect.NativeMethodAccessorImpl.invoke(NativeMethodAccessorImpl.java:62)
at java.base/jdk.internal.reflect.DelegatingMethodAccessorImpl.invoke(DelegatingMethodAccessorImpl.java:43)
at java.base/java.lang.reflect.Method.invoke(Method.java:566)
at org.testng.internal.invokers.MethodInvocationHelper.invokeMethod(MethodInvocationHelper.java:139)
at org.testng.internal.invokers.MethodInvocationHelper.invokeMethodConsideringTimeout(MethodInvocationHelper.java:69)
at org.testng.internal.invokers.ConfigInvoker.invokeConfigurationMethod(ConfigInvoker.java:361)
at org.testng.internal.invokers.ConfigInvoker.invokeConfigurations(ConfigInvoker.java:296)
at org.testng.internal.invokers.TestInvoker.runConfigMethods(TestInvoker.java:823)
at org.testng.internal.invokers.TestInvoker.runAfterConfigurations(TestInvoker.java:792)
at org.testng.internal.invokers.TestInvoker.invokeMethod(TestInvoker.java:768)
at org.testng.internal.invokers.TestInvoker.invokeTestMethod(TestInvoker.java:221)
at org.testng.internal.invokers.MethodRunner.runInSequence(MethodRunner.java:50)
at org.testng.internal.invokers.TestInvoker$MethodInvocationAgent.invoke(TestInvoker.java:969)
at org.testng.internal.invokers.TestInvoker.invokeTestMethods(TestInvoker.java:194)
at org.testng.internal.invokers.TestMethodWorker.invokeTestMethods(TestMethodWorker.java:148)
at org.testng.internal.invokers.TestMethodWorker.run(TestMethodWorker.java:128)
at java.base/java.util.ArrayList.forEach(ArrayList.java:1541)
at org.testng.TestRunner.privateRun(TestRunner.java:829)
at org.testng.TestRunner.run(TestRunner.java:602)
at org.testng.SuiteRunner.runTest(SuiteRunner.java:437)
at org.testng.SuiteRunner.runSequentially(SuiteRunner.java:431)
at org.testng.SuiteRunner.privateRun(SuiteRunner.java:391)
at org.testng.SuiteRunner.run(SuiteRunner.java:330)
at org.testng.SuiteRunnerWorker.runSuite(SuiteRunnerWorker.java:52)
at org.testng.SuiteRunnerWorker.run(SuiteRunnerWorker.java:95)
at org.testng.TestNG.runSuitesSequentially(TestNG.java:1256)
at org.testng.TestNG.runSuitesLocally(TestNG.java:1176)
at org.testng.TestNG.runSuites(TestNG.java:1099)
at org.testng.TestNG.run(TestNG.java:1067)
at org.apache.maven.surefire.testng.TestNGExecutor.run(TestNGExecutor.java:324)
at org.apache.maven.surefire.testng.TestNGXmlTestSuite.execute(TestNGXmlTestSuite.java:74)
at org.apache.maven.surefire.testng.TestNGProvider.invoke(TestNGProvider.java:123)
at org.apache.maven.surefire.booter.ForkedBooter.runSuitesInProcess(ForkedBooter.java:456)
at org.apache.maven.surefire.booter.ForkedBooter.execute(ForkedBooter.java:169)
at org.apache.maven.surefire.booter.ForkedBooter.run(ForkedBooter.java:595)
at org.apache.maven.surefire.booter.ForkedBooter.main(ForkedBooter.java:581)
]]>
            </full-stacktrace>
          </exception> <!-- org.openqa.selenium.ElementClickInterceptedException -->
          <reporter-output>
            <line>
              <![CDATA[Waiting for 1000ms]]>
            </line>
          </reporter-output>
        </test-method> <!-- logOutFromNeoStox -->
        <test-method is-config="true" signature="closeBrowser()[pri:0, instance:neoStoxTestclasses.ValidateNeoStoxUserNameUsingPropertyfile@2a265ea9]" started-at="2022-12-23T19:29:25 IST" name="closeBrowser" finished-at="2022-12-23T19:29:25 IST" duration-ms="0" status="SKIP">
          <reporter-output>
          </reporter-output>
        </test-method> <!-- closeBrowser -->
      </class> <!-- neoStoxTestclasses.ValidateNeoStoxUserNameUsingPropertyfile -->
    </test> <!-- Test -->
  </suite> <!-- Suite -->
</testng-results>
