<?xml version="1.0" encoding="UTF-8"?>
<testsuite xmlns:xsi="http://www.w3.org/2001/XMLSchema-instance" xsi:noNamespaceSchemaLocation="https://maven.apache.org/surefire/maven-surefire-plugin/xsd/surefire-test-report-3.0.xsd" version="3.0" name="TestSuite" time="17.065" tests="1" errors="0" skipped="0" failures="0">
  <properties>
[...]
</properties>
  <testcase name="validateUserID" classname="neoStoxTestclasses.ValidateNeoStoxUserNameUsingPropertyfile" time="0.316">
    <system-out><![CDATA[reading url from property file
launching Browser
Waiting for 1000ms
reading mobnum from property file
Waiting for 1000ms
Entering Mobile number
Waiting for 1000ms
Clicking on SignIn Button
Waiting for 1000ms
reading password from property file
Waiting for 3000ms
Entering password
Waiting for 3000ms
Clicking on submit button
Waiting for 1000ms
Handling Popup
clicking on OK button of Popup
Waiting for 1000ms
clicking on Close button of Popup
Waiting for 1000ms
getting actual user name = Hi Suraj Kawade
reading username from property file
Waiting for 1000ms
getting actual user name = Hi Suraj Kawade
Waiting for 500ms
taking screenshot
]]></system-out>
    <system-err><![CDATA[SLF4J: Failed to load class "org.slf4j.impl.StaticLoggerBinder".
SLF4J: Defaulting to no-operation (NOP) logger implementation
SLF4J: See http://www.slf4j.org/codes.html#StaticLoggerBinder for further details.
ERROR StatusLogger Log4j2 could not find a logging implementation. Please add log4j-core to the classpath. Using SimpleLogger to log to the console...
Starting ChromeDriver 108.0.5359.22 (ec46c90f5938574604681b0a7aad76cfb5e99eb7-refs/branch-heads/5359@{#365}) on port 47278
Only local connections are allowed.
Please see https://chromedriver.chromium.org/security-considerations for suggestions on keeping ChromeDriver safe.
ChromeDriver was started successfully.
]]></system-err>
  </testcase>
</testsuite>